F:\LXQ\BUOI4\BAI4\DEBUG\DIEM.OBJ
F:\LXQ\BUOI4\BAI4\DEBUG\DIEM2D.OBJ
F:\LXQ\BUOI4\BAI4\DEBUG\DIEM3D.OBJ
F:\LXQ\BUOI4\BAI4\DEBUG\HINH2D.OBJ
F:\LXQ\BUOI4\BAI4\DEBUG\HINH3D.OBJ
F:\LXQ\BUOI4\BAI4\DEBUG\HINHHOC.OBJ
F:\LXQ\BUOI4\BAI4\DEBUG\SOURCE.OBJ
F:\LXQ\BUOI4\BAI4\DEBUG\VC110.PDB
F:\LXQ\BUOI4\DEBUG\BAI4.ILK
F:\LXQ\BUOI4\DEBUG\BAI4.EXE
F:\LXQ\BUOI4\DEBUG\BAI4.PDB
F:\LXQ\Buoi4\Bai4\Debug\Diem.obj
F:\LXQ\Buoi4\Bai4\Debug\Diem2D.obj
F:\LXQ\Buoi4\Bai4\Debug\Diem3D.obj
F:\LXQ\Buoi4\Bai4\Debug\Hinh2D.obj
F:\LXQ\Buoi4\Bai4\Debug\Hinh3D.obj
F:\LXQ\Buoi4\Bai4\Debug\HinhHoc.obj
F:\LXQ\Buoi4\Bai4\Debug\Source.obj
F:\LXQ\Buoi4\Bai4\Debug\cl.command.1.tlog
F:\LXQ\Buoi4\Bai4\Debug\CL.read.1.tlog
F:\LXQ\Buoi4\Bai4\Debug\CL.write.1.tlog
F:\LXQ\Buoi4\Bai4\Debug\link-cvtres.read.1.tlog
F:\LXQ\Buoi4\Bai4\Debug\link-cvtres.write.1.tlog
F:\LXQ\Buoi4\Bai4\Debug\link-rc.read.1.tlog
F:\LXQ\Buoi4\Bai4\Debug\link-rc.write.1.tlog
F:\LXQ\Buoi4\Bai4\Debug\link.command.1.tlog
F:\LXQ\Buoi4\Bai4\Debug\link.read.1.tlog
F:\LXQ\Buoi4\Bai4\Debug\link.write.1.tlog
F:\LXQ\Buoi4\Bai4\Debug\vc110.idb
F:\LXQ\Buoi4\Bai4\Debug\vc110.pdb
F:\LXQ\Buoi4\Debug\Bai4.pdb
F:\LXQ\Buoi4\Debug\Bai4.exe
F:\LXQ\Buoi4\Debug\Bai4.ilk
