F:\LXQ\BAI3 - BTVN\BAI3\DEBUG\BUTTON.OBJ
F:\LXQ\BAI3 - BTVN\BAI3\DEBUG\SOURCE.OBJ
F:\LXQ\BAI3 - BTVN\BAI3\DEBUG\VC110.PDB
F:\LXQ\BAI3 - BTVN\BAI3\DEBUG\DESKTOP.OBJ
F:\LXQ\BAI3 - BTVN\DEBUG\BAI3.ILK
F:\LXQ\BAI3 - BTVN\DEBUG\BAI3.EXE
F:\LXQ\BAI3 - BTVN\DEBUG\BAI3.PDB
F:\LXQ\Bai3 - BTVN\Bai3\Debug\Button.obj
F:\LXQ\Bai3 - BTVN\Bai3\Debug\Desktop.obj
F:\LXQ\Bai3 - BTVN\Bai3\Debug\Source.obj
F:\LXQ\Bai3 - BTVN\Bai3\Debug\cl.command.1.tlog
F:\LXQ\Bai3 - BTVN\Bai3\Debug\CL.read.1.tlog
F:\LXQ\Bai3 - BTVN\Bai3\Debug\CL.write.1.tlog
F:\LXQ\Bai3 - BTVN\Bai3\Debug\link-cvtres.read.1.tlog
F:\LXQ\Bai3 - BTVN\Bai3\Debug\link-cvtres.write.1.tlog
F:\LXQ\Bai3 - BTVN\Bai3\Debug\link-rc.read.1.tlog
F:\LXQ\Bai3 - BTVN\Bai3\Debug\link-rc.write.1.tlog
F:\LXQ\Bai3 - BTVN\Bai3\Debug\link.3580-cvtres.read.1.tlog
F:\LXQ\Bai3 - BTVN\Bai3\Debug\link.3580-cvtres.write.1.tlog
F:\LXQ\Bai3 - BTVN\Bai3\Debug\link.3580-rc.read.1.tlog
F:\LXQ\Bai3 - BTVN\Bai3\Debug\link.3580-rc.write.1.tlog
F:\LXQ\Bai3 - BTVN\Bai3\Debug\link.3580.read.1.tlog
F:\LXQ\Bai3 - BTVN\Bai3\Debug\link.3580.write.1.tlog
F:\LXQ\Bai3 - BTVN\Bai3\Debug\link.command.1.tlog
F:\LXQ\Bai3 - BTVN\Bai3\Debug\link.read.1.tlog
F:\LXQ\Bai3 - BTVN\Bai3\Debug\link.write.1.tlog
F:\LXQ\Bai3 - BTVN\Bai3\Debug\vc110.idb
F:\LXQ\Bai3 - BTVN\Bai3\Debug\vc110.pdb
F:\LXQ\Bai3 - BTVN\Debug\Bai3.pdb
F:\LXQ\Bai3 - BTVN\Debug\Bai3.exe
F:\LXQ\Bai3 - BTVN\Debug\Bai3.ilk
